<?xml version="1.0" encoding="UTF-8"?>
<!-- Generated by org.testng.reporters.JUnitXMLReporter -->
<testsuite ignored="0" hostname="LAPTOP-81H605QD" failures="1" tests="26" name="Testing" time="522.623" errors="0" timestamp="2024-05-11T21:10:40 IST">
  <testcase classname="Test_methods.crtact_test" name="Tc_001" time="12.543"/>
  <testcase classname="Test_methods.Signin_test" name="Tc_002" time="7.467"/>
  <testcase classname="Test_methods.Signin_test" name="Tc_003" time="10.739"/>
  <testcase classname="Test_methods.Signin_test" name="Tc_004" time="12.386"/>
  <testcase classname="Test_methods.Home_page_Test" name="Tc_005" time="2.97"/>
  <testcase classname="Test_methods.Home_page_Test" name="Tc_006" time="4.255"/>
  <testcase classname="Test_methods.Home_page_Test" name="Tc_007" time="2.37"/>
  <testcase classname="Test_methods.Home_page_Test" name="Tc_008" time="0.458"/>
  <testcase classname="Test_methods.Home_page_Test" name="Tc_009" time="6.036"/>
  <testcase classname="Test_methods.Men_page_test" name="Tc_010" time="3.387"/>
  <testcase classname="Test_methods.Men_page_test" name="Tc_011" time="5.503"/>
  <testcase classname="Test_methods.Men_page_test" name="Tc_012" time="6.045"/>
  <testcase classname="Test_methods.Men_page_test" name="Tc_013" time="9.707"/>
  <testcase classname="Test_methods.Men_page_test" name="Tc_014" time="0.074">
    <failure type="org.openqa.selenium.NoSuchElementException" message="no such element: Unable to locate element: {&amp;quot;method&amp;quot;:&amp;quot;xpath&amp;quot;,&amp;quot;selector&amp;quot;:&amp;quot;//*[@id=&amp;apos;ui-id-5&amp;apos;]&amp;quot;}
  (Session info: chrome=124.0.6367.156)
For documentation on this error, please visit: https://www.selenium.dev/documentation/webdriver/troubleshooting/errors#no-such-element-exception
Build info: version: &amp;apos;4.19.1&amp;apos;, revision: &amp;apos;abe0ee07dc&amp;apos;
System info: os.name: &amp;apos;Windows 10&amp;apos;, os.arch: &amp;apos;amd64&amp;apos;, os.version: &amp;apos;10.0&amp;apos;, java.version: &amp;apos;17.0.1&amp;apos;
Driver info: org.openqa.selenium.chrome.ChromeDriver
Command: [5539dca1247e15cb609a915b0b0520de, findElement {using=xpath, value=//*[@id=&amp;apos;ui-id-5&amp;apos;]}]
Capabilities {acceptInsecureCerts: false, browserName: chrome, browserVersion: 124.0.6367.156, chrome: {chromedriverVersion: 123.0.6312.86 (9b72c47a0536..., userDataDir: C:\Users\LENOVO\AppData\Loc...}, fedcm:accounts: true, goog:chromeOptions: {debuggerAddress: localhost:53005}, networkConnectionEnabled: false, pageLoadStrategy: normal, platformName: windows, proxy: Proxy(), se:cdp: ws://localhost:53005/devtoo..., se:cdpVersion: 124.0.6367.156, setWindowRect: true, strictFileInteractability: false, timeouts: {implicit: 0, pageLoad: 300000, script: 30000}, unhandledPromptBehavior: dismiss and notify, webauthn:extension:credBlob: true, webauthn:extension:largeBlob: true, webauthn:extension:minPinLength: true, webauthn:extension:prf: true, webauthn:virtualAuthenticators: true}
Session ID: 5539dca1247e15cb609a915b0b0520de">
      <![CDATA[org.openqa.selenium.NoSuchElementException: no such element: Unable to locate element: {"method":"xpath","selector":"//*[@id='ui-id-5']"}
  (Session info: chrome=124.0.6367.156)
For documentation on this error, please visit: https://www.selenium.dev/documentation/webdriver/troubleshooting/errors#no-such-element-exception
Build info: version: '4.19.1', revision: 'abe0ee07dc'
System info: os.name: 'Windows 10', os.arch: 'amd64', os.version: '10.0', java.version: '17.0.1'
Driver info: org.openqa.selenium.chrome.ChromeDriver
Command: [5539dca1247e15cb609a915b0b0520de, findElement {using=xpath, value=//*[@id='ui-id-5']}]
Capabilities {acceptInsecureCerts: false, browserName: chrome, browserVersion: 124.0.6367.156, chrome: {chromedriverVersion: 123.0.6312.86 (9b72c47a0536..., userDataDir: C:\Users\LENOVO\AppData\Loc...}, fedcm:accounts: true, goog:chromeOptions: {debuggerAddress: localhost:53005}, networkConnectionEnabled: false, pageLoadStrategy: normal, platformName: windows, proxy: Proxy(), se:cdp: ws://localhost:53005/devtoo..., se:cdpVersion: 124.0.6367.156, setWindowRect: true, strictFileInteractability: false, timeouts: {implicit: 0, pageLoad: 300000, script: 30000}, unhandledPromptBehavior: dismiss and notify, webauthn:extension:credBlob: true, webauthn:extension:largeBlob: true, webauthn:extension:minPinLength: true, webauthn:extension:prf: true, webauthn:virtualAuthenticators: true}
Session ID: 5539dca1247e15cb609a915b0b0520de
at org.openqa.selenium.remote.ErrorCodec.decode(ErrorCodec.java:167)
at org.openqa.selenium.remote.codec.w3c.W3CHttpResponseCodec.decode(W3CHttpResponseCodec.java:138)
at org.openqa.selenium.remote.codec.w3c.W3CHttpResponseCodec.decode(W3CHttpResponseCodec.java:50)
at org.openqa.selenium.remote.HttpCommandExecutor.execute(HttpCommandExecutor.java:190)
at org.openqa.selenium.remote.service.DriverCommandExecutor.invokeExecute(DriverCommandExecutor.java:216)
at org.openqa.selenium.remote.service.DriverCommandExecutor.execute(DriverCommandExecutor.java:174)
at org.openqa.selenium.remote.RemoteWebDriver.execute(RemoteWebDriver.java:518)
at org.openqa.selenium.remote.ElementLocation$ElementFinder$2.findElement(ElementLocation.java:165)
at org.openqa.selenium.remote.ElementLocation.findElement(ElementLocation.java:59)
at org.openqa.selenium.remote.RemoteWebDriver.findElement(RemoteWebDriver.java:355)
at org.openqa.selenium.remote.RemoteWebDriver.findElement(RemoteWebDriver.java:349)
at Page_objects.mens_page.Verify_cart(mens_page.java:104)
at Test_methods.Men_page_test.Tc_014(Men_page_test.java:41)
at java.base/java.util.ArrayList.forEach(ArrayList.java:1511)
... Removed 32 stack frames]]>
    </failure>
  </testcase> <!-- Tc_014 -->
  <testcase classname="Test_methods.Checkoutpage_Test" name="Tc_015" time="15.032"/>
  <testcase classname="Test_methods.Checkoutpage_Test" name="Tc_016" time="15.886"/>
  <testcase classname="Test_methods.Checkoutpage_Test" name="Tc_017" time="15.058"/>
  <testcase classname="Test_methods.Checkoutpage_Test" name="Tc_018" time="15.732"/>
  <testcase classname="Test_methods.Checkoutpage_Test" name="Tc_019" time="15.229"/>
  <testcase classname="Test_methods.Checkoutpage_Test" name="Tc_020" time="14.837"/>
  <testcase classname="Test_methods.Checkoutpage_Test" name="Tc_021" time="14.705"/>
  <testcase classname="Test_methods.Checkoutpage_Test" name="Tc_022" time="15.387"/>
  <testcase classname="Test_methods.Checkoutpage_Test" name="Tc_023" time="14.998"/>
  <testcase classname="Test_methods.Checkoutpage_Test" name="Tc_024" time="15.898"/>
  <testcase classname="Test_methods.Checkoutpage_Test" name="Tc_025" time="15.622"/>
  <testcase classname="Test_methods.Checkoutpage_Test" name="Tc_026" time="77.78"/>
</testsuite> <!-- Testing -->
