<html>
<head>
<title>TestNG:  Testing</title>
<link href="../testng.css" rel="stylesheet" type="text/css" />
<link href="../my-testng.css" rel="stylesheet" type="text/css" />

<style type="text/css">
.log { display: none;} 
.stack-trace { display: none;} 
</style>
<script type="text/javascript">
<!--
function flip(e) {
  current = e.style.display;
  if (current == 'block') {
    e.style.display = 'none';
    return 0;
  }
  else {
    e.style.display = 'block';
    return 1;
  }
}

function toggleBox(szDivId, elem, msg1, msg2)
{
  var res = -1;  if (document.getElementById) {
    res = flip(document.getElementById(szDivId));
  }
  else if (document.all) {
    // this is the way old msie versions work
    res = flip(document.all[szDivId]);
  }
  if(elem) {
    if(res == 0) elem.innerHTML = msg1; else elem.innerHTML = msg2;
  }

}

function toggleAllBoxes() {
  if (document.getElementsByTagName) {
    d = document.getElementsByTagName('div');
    for (i = 0; i < d.length; i++) {
      if (d[i].className == 'log') {
        flip(d[i]);
      }
    }
  }
}

// -->
</script>

</head>
<body>
<h2 align='center'>Testing</h2><table border='1' align="center">
<tr>
<td>Tests passed/Failed/Skipped:</td><td>25/1/0</td>
</tr><tr>
<td>Started on:</td><td>Sat May 11 21:01:58 IST 2024</td>
</tr>
<tr><td>Total time:</td><td>522 seconds (522623 ms)</td>
</tr><tr>
<td>Included groups:</td><td></td>
</tr><tr>
<td>Excluded groups:</td><td></td>
</tr>
</table><p/>
<small><i>(Hover the method name to see the test class name)</i></small><p/>
<table width='100%' border='1' class='invocation-failed'>
<tr><td colspan='4' align='center'><b>FAILED TESTS</b></td></tr>
<tr><td><b>Test method</b></td>
<td width="30%"><b>Exception</b></td>
<td width="10%"><b>Time (seconds)</b></td>
<td><b>Instance</b></td>
</tr>
<tr>
<td title='Test_methods.Men_page_test.Tc_014()'><b>Tc_014</b><br>Test class: Test_methods.Men_page_test</td>
<td><div><pre>org.openqa.selenium.NoSuchElementException: no such element: Unable to locate element: {&quot;method&quot;:&quot;xpath&quot;,&quot;selector&quot;:&quot;//*[@id=&apos;ui-id-5&apos;]&quot;}
  (Session info: chrome=124.0.6367.156)
For documentation on this error, please visit: https://www.selenium.dev/documentation/webdriver/troubleshooting/errors#no-such-element-exception
Build info: version: &apos;4.19.1&apos;, revision: &apos;abe0ee07dc&apos;
System info: os.name: &apos;Windows 10&apos;, os.arch: &apos;amd64&apos;, os.version: &apos;10.0&apos;, java.version: &apos;17.0.1&apos;
Driver info: org.openqa.selenium.chrome.ChromeDriver
Command: [5539dca1247e15cb609a915b0b0520de, findElement {using=xpath, value=//*[@id=&apos;ui-id-5&apos;]}]
Capabilities {acceptInsecureCerts: false, browserName: chrome, browserVersion: 124.0.6367.156, chrome: {chromedriverVersion: 123.0.6312.86 (9b72c47a0536..., userDataDir: C:\Users\LENOVO\AppData\Loc...}, fedcm:accounts: true, goog:chromeOptions: {debuggerAddress: localhost:53005}, networkConnectionEnabled: false, pageLoadStrategy: normal, platformName: windows, proxy: Proxy(), se:cdp: ws://localhost:53005/devtoo..., se:cdpVersion: 124.0.6367.156, setWindowRect: true, strictFileInteractability: false, timeouts: {implicit: 0, pageLoad: 300000, script: 30000}, unhandledPromptBehavior: dismiss and notify, webauthn:extension:credBlob: true, webauthn:extension:largeBlob: true, webauthn:extension:minPinLength: true, webauthn:extension:prf: true, webauthn:virtualAuthenticators: true}
Session ID: 5539dca1247e15cb609a915b0b0520de
	at org.openqa.selenium.remote.ErrorCodec.decode(ErrorCodec.java:167)
	at org.openqa.selenium.remote.codec.w3c.W3CHttpResponseCodec.decode(W3CHttpResponseCodec.java:138)
	at org.openqa.selenium.remote.codec.w3c.W3CHttpResponseCodec.decode(W3CHttpResponseCodec.java:50)
	at org.openqa.selenium.remote.HttpCommandExecutor.execute(HttpCommandExecutor.java:190)
	at org.openqa.selenium.remote.service.DriverCommandExecutor.invokeExecute(DriverCommandExecutor.java:216)
	at org.openqa.selenium.remote.service.DriverCommandExecutor.execute(DriverCommandExecutor.java:174)
	at org.openqa.selenium.remote.RemoteWebDriver.execute(RemoteWebDriver.java:518)
	at org.openqa.selenium.remote.ElementLocation$ElementFinder$2.findElement(ElementLocation.java:165)
	at org.openqa.selenium.remote.ElementLocation.findElement(ElementLocation.java:59)
	at org.openqa.selenium.remote.RemoteWebDriver.findElement(RemoteWebDriver.java:355)
	at org.openqa.selenium.remote.RemoteWebDriver.findElement(RemoteWebDriver.java:349)
	at Page_objects.mens_page.Verify_cart(mens_page.java:104)
	at Test_methods.Men_page_test.Tc_014(Men_page_test.java:41)
	at java.base/java.util.ArrayList.forEach(ArrayList.java:1511)
... Removed 32 stack frames</pre></div><a href='#' onClick='toggleBox("stack-trace376660032", this, "Click to show all stack frames", "Click to hide stack frames")'>Click to show all stack frames</a>
<div class='stack-trace' id='stack-trace376660032'><pre>org.openqa.selenium.NoSuchElementException: no such element: Unable to locate element: {&quot;method&quot;:&quot;xpath&quot;,&quot;selector&quot;:&quot;//*[@id=&apos;ui-id-5&apos;]&quot;}
  (Session info: chrome=124.0.6367.156)
For documentation on this error, please visit: https://www.selenium.dev/documentation/webdriver/troubleshooting/errors#no-such-element-exception
Build info: version: &apos;4.19.1&apos;, revision: &apos;abe0ee07dc&apos;
System info: os.name: &apos;Windows 10&apos;, os.arch: &apos;amd64&apos;, os.version: &apos;10.0&apos;, java.version: &apos;17.0.1&apos;
Driver info: org.openqa.selenium.chrome.ChromeDriver
Command: [5539dca1247e15cb609a915b0b0520de, findElement {using=xpath, value=//*[@id=&apos;ui-id-5&apos;]}]
Capabilities {acceptInsecureCerts: false, browserName: chrome, browserVersion: 124.0.6367.156, chrome: {chromedriverVersion: 123.0.6312.86 (9b72c47a0536..., userDataDir: C:\Users\LENOVO\AppData\Loc...}, fedcm:accounts: true, goog:chromeOptions: {debuggerAddress: localhost:53005}, networkConnectionEnabled: false, pageLoadStrategy: normal, platformName: windows, proxy: Proxy(), se:cdp: ws://localhost:53005/devtoo..., se:cdpVersion: 124.0.6367.156, setWindowRect: true, strictFileInteractability: false, timeouts: {implicit: 0, pageLoad: 300000, script: 30000}, unhandledPromptBehavior: dismiss and notify, webauthn:extension:credBlob: true, webauthn:extension:largeBlob: true, webauthn:extension:minPinLength: true, webauthn:extension:prf: true, webauthn:virtualAuthenticators: true}
Session ID: 5539dca1247e15cb609a915b0b0520de
	at java.base/jdk.internal.reflect.NativeConstructorAccessorImpl.newInstance0(Native Method)
	at java.base/jdk.internal.reflect.NativeConstructorAccessorImpl.newInstance(NativeConstructorAccessorImpl.java:77)
	at java.base/jdk.internal.reflect.DelegatingConstructorAccessorImpl.newInstance(DelegatingConstructorAccessorImpl.java:45)
	at java.base/java.lang.reflect.Constructor.newInstanceWithCaller(Constructor.java:499)
	at java.base/java.lang.reflect.Constructor.newInstance(Constructor.java:480)
	at org.openqa.selenium.remote.ErrorCodec.decode(ErrorCodec.java:167)
	at org.openqa.selenium.remote.codec.w3c.W3CHttpResponseCodec.decode(W3CHttpResponseCodec.java:138)
	at org.openqa.selenium.remote.codec.w3c.W3CHttpResponseCodec.decode(W3CHttpResponseCodec.java:50)
	at org.openqa.selenium.remote.HttpCommandExecutor.execute(HttpCommandExecutor.java:190)
	at org.openqa.selenium.remote.service.DriverCommandExecutor.invokeExecute(DriverCommandExecutor.java:216)
	at org.openqa.selenium.remote.service.DriverCommandExecutor.execute(DriverCommandExecutor.java:174)
	at org.openqa.selenium.remote.RemoteWebDriver.execute(RemoteWebDriver.java:518)
	at org.openqa.selenium.remote.ElementLocation$ElementFinder$2.findElement(ElementLocation.java:165)
	at org.openqa.selenium.remote.ElementLocation.findElement(ElementLocation.java:59)
	at org.openqa.selenium.remote.RemoteWebDriver.findElement(RemoteWebDriver.java:355)
	at org.openqa.selenium.remote.RemoteWebDriver.findElement(RemoteWebDriver.java:349)
	at Page_objects.mens_page.Verify_cart(mens_page.java:104)
	at Test_methods.Men_page_test.Tc_014(Men_page_test.java:41)
	at java.base/jdk.internal.reflect.NativeMethodAccessorImpl.invoke0(Native Method)
	at java.base/jdk.internal.reflect.NativeMethodAccessorImpl.invoke(NativeMethodAccessorImpl.java:77)
	at java.base/jdk.internal.reflect.DelegatingMethodAccessorImpl.invoke(DelegatingMethodAccessorImpl.java:43)
	at java.base/java.lang.reflect.Method.invoke(Method.java:568)
	at org.testng.internal.MethodInvocationHelper.invokeMethod(MethodInvocationHelper.java:133)
	at org.testng.internal.TestInvoker.invokeMethod(TestInvoker.java:598)
	at org.testng.internal.TestInvoker.invokeTestMethod(TestInvoker.java:173)
	at org.testng.internal.MethodRunner.runInSequence(MethodRunner.java:46)
	at org.testng.internal.TestInvoker$MethodInvocationAgent.invoke(TestInvoker.java:824)
	at org.testng.internal.TestInvoker.invokeTestMethods(TestInvoker.java:146)
	at org.testng.internal.TestMethodWorker.invokeTestMethods(TestMethodWorker.java:146)
	at org.testng.internal.TestMethodWorker.run(TestMethodWorker.java:128)
	at java.base/java.util.ArrayList.forEach(ArrayList.java:1511)
	at org.testng.TestRunner.privateRun(TestRunner.java:794)
	at org.testng.TestRunner.run(TestRunner.java:596)
	at org.testng.SuiteRunner.runTest(SuiteRunner.java:377)
	at org.testng.SuiteRunner.runSequentially(SuiteRunner.java:371)
	at org.testng.SuiteRunner.privateRun(SuiteRunner.java:332)
	at org.testng.SuiteRunner.run(SuiteRunner.java:276)
	at org.testng.SuiteRunnerWorker.runSuite(SuiteRunnerWorker.java:53)
	at org.testng.SuiteRunnerWorker.run(SuiteRunnerWorker.java:96)
	at org.testng.TestNG.runSuitesSequentially(TestNG.java:1212)
	at org.testng.TestNG.runSuitesLocally(TestNG.java:1134)
	at org.testng.TestNG.runSuites(TestNG.java:1063)
	at org.testng.TestNG.run(TestNG.java:1031)
	at org.testng.remote.AbstractRemoteTestNG.run(AbstractRemoteTestNG.java:115)
	at org.testng.remote.RemoteTestNG.initAndRun(RemoteTestNG.java:293)
	at org.testng.remote.RemoteTestNG.main(RemoteTestNG.java:91)
</pre></div></td>
<td>0</td>
<td>Test_methods.Men_page_test@71d44a3</td></tr>
</table><p>
<table width='100%' border='1' class='invocation-passed'>
<tr><td colspan='4' align='center'><b>PASSED TESTS</b></td></tr>
<tr><td><b>Test method</b></td>
<td width="30%"><b>Exception</b></td>
<td width="10%"><b>Time (seconds)</b></td>
<td><b>Instance</b></td>
</tr>
<tr>
<td title='Test_methods.Checkoutpage_Test.Tc_015()'><b>Tc_015</b><br>Test class: Test_methods.Checkoutpage_Test</td>
<td></td>
<td>15</td>
<td>Test_methods.Checkoutpage_Test@7b98f307</td></tr>
<tr>
<td title='Test_methods.Checkoutpage_Test.Tc_016()'><b>Tc_016</b><br>Test class: Test_methods.Checkoutpage_Test</td>
<td></td>
<td>15</td>
<td>Test_methods.Checkoutpage_Test@7b98f307</td></tr>
<tr>
<td title='Test_methods.Checkoutpage_Test.Tc_017()'><b>Tc_017</b><br>Test class: Test_methods.Checkoutpage_Test</td>
<td></td>
<td>15</td>
<td>Test_methods.Checkoutpage_Test@7b98f307</td></tr>
<tr>
<td title='Test_methods.Men_page_test.Tc_011()'><b>Tc_011</b><br>Test class: Test_methods.Men_page_test</td>
<td></td>
<td>5</td>
<td>Test_methods.Men_page_test@71d44a3</td></tr>
<tr>
<td title='Test_methods.Checkoutpage_Test.Tc_026()'><b>Tc_026</b><br>Test class: Test_methods.Checkoutpage_Test</td>
<td></td>
<td>77</td>
<td>Test_methods.Checkoutpage_Test@7b98f307</td></tr>
<tr>
<td title='Test_methods.Home_page_Test.Tc_007()'><b>Tc_007</b><br>Test class: Test_methods.Home_page_Test</td>
<td></td>
<td>2</td>
<td>Test_methods.Home_page_Test@73a1e9a9</td></tr>
<tr>
<td title='Test_methods.Checkoutpage_Test.Tc_023()'><b>Tc_023</b><br>Test class: Test_methods.Checkoutpage_Test</td>
<td></td>
<td>14</td>
<td>Test_methods.Checkoutpage_Test@7b98f307</td></tr>
<tr>
<td title='Test_methods.Home_page_Test.Tc_009()'><b>Tc_009</b><br>Test class: Test_methods.Home_page_Test</td>
<td></td>
<td>6</td>
<td>Test_methods.Home_page_Test@73a1e9a9</td></tr>
<tr>
<td title='Test_methods.Home_page_Test.Tc_008()'><b>Tc_008</b><br>Test class: Test_methods.Home_page_Test</td>
<td></td>
<td>0</td>
<td>Test_methods.Home_page_Test@73a1e9a9</td></tr>
<tr>
<td title='Test_methods.Signin_test.Tc_004()'><b>Tc_004</b><br>Test class: Test_methods.Signin_test</td>
<td></td>
<td>12</td>
<td>Test_methods.Signin_test@76505305</td></tr>
<tr>
<td title='Test_methods.Checkoutpage_Test.Tc_022()'><b>Tc_022</b><br>Test class: Test_methods.Checkoutpage_Test</td>
<td></td>
<td>15</td>
<td>Test_methods.Checkoutpage_Test@7b98f307</td></tr>
<tr>
<td title='Test_methods.Men_page_test.Tc_013()'><b>Tc_013</b><br>Test class: Test_methods.Men_page_test</td>
<td></td>
<td>9</td>
<td>Test_methods.Men_page_test@71d44a3</td></tr>
<tr>
<td title='Test_methods.Checkoutpage_Test.Tc_018()'><b>Tc_018</b><br>Test class: Test_methods.Checkoutpage_Test</td>
<td></td>
<td>15</td>
<td>Test_methods.Checkoutpage_Test@7b98f307</td></tr>
<tr>
<td title='Test_methods.Checkoutpage_Test.Tc_019()'><b>Tc_019</b><br>Test class: Test_methods.Checkoutpage_Test</td>
<td></td>
<td>15</td>
<td>Test_methods.Checkoutpage_Test@7b98f307</td></tr>
<tr>
<td title='Test_methods.Checkoutpage_Test.Tc_024()'><b>Tc_024</b><br>Test class: Test_methods.Checkoutpage_Test</td>
<td></td>
<td>15</td>
<td>Test_methods.Checkoutpage_Test@7b98f307</td></tr>
<tr>
<td title='Test_methods.Checkoutpage_Test.Tc_021()'><b>Tc_021</b><br>Test class: Test_methods.Checkoutpage_Test</td>
<td></td>
<td>14</td>
<td>Test_methods.Checkoutpage_Test@7b98f307</td></tr>
<tr>
<td title='Test_methods.Signin_test.Tc_003()'><b>Tc_003</b><br>Test class: Test_methods.Signin_test</td>
<td></td>
<td>10</td>
<td>Test_methods.Signin_test@76505305</td></tr>
<tr>
<td title='Test_methods.Home_page_Test.Tc_005()'><b>Tc_005</b><br>Test class: Test_methods.Home_page_Test</td>
<td></td>
<td>2</td>
<td>Test_methods.Home_page_Test@73a1e9a9</td></tr>
<tr>
<td title='Test_methods.Men_page_test.Tc_012()'><b>Tc_012</b><br>Test class: Test_methods.Men_page_test</td>
<td></td>
<td>6</td>
<td>Test_methods.Men_page_test@71d44a3</td></tr>
<tr>
<td title='Test_methods.Checkoutpage_Test.Tc_025()'><b>Tc_025</b><br>Test class: Test_methods.Checkoutpage_Test</td>
<td></td>
<td>15</td>
<td>Test_methods.Checkoutpage_Test@7b98f307</td></tr>
<tr>
<td title='Test_methods.Signin_test.Tc_002()'><b>Tc_002</b><br>Test class: Test_methods.Signin_test</td>
<td></td>
<td>7</td>
<td>Test_methods.Signin_test@76505305</td></tr>
<tr>
<td title='Test_methods.Home_page_Test.Tc_006()'><b>Tc_006</b><br>Test class: Test_methods.Home_page_Test</td>
<td></td>
<td>4</td>
<td>Test_methods.Home_page_Test@73a1e9a9</td></tr>
<tr>
<td title='Test_methods.Checkoutpage_Test.Tc_020()'><b>Tc_020</b><br>Test class: Test_methods.Checkoutpage_Test</td>
<td></td>
<td>14</td>
<td>Test_methods.Checkoutpage_Test@7b98f307</td></tr>
<tr>
<td title='Test_methods.crtact_test.Tc_001()'><b>Tc_001</b><br>Test class: Test_methods.crtact_test</td>
<td></td>
<td>12</td>
<td>Test_methods.crtact_test@a1153bc</td></tr>
<tr>
<td title='Test_methods.Men_page_test.Tc_010()'><b>Tc_010</b><br>Test class: Test_methods.Men_page_test</td>
<td></td>
<td>3</td>
<td>Test_methods.Men_page_test@71d44a3</td></tr>
</table><p>
</body>
</html>